This is pdfTeX, Version 3.14159265-2.6-1.40.17 (TeX Live 2016/Arch Linux) (preloaded format=pdflatex 2017.4.15)  30 APR 2017 18:56
entering extended mode
 restricted \write18 enabled.
 %&-line parsing enabled.
**/run/media/piko/Storage/CS/440/hw8/hw8.py
(/run/media/piko/Storage/CS/440/hw8/hw8.py
LaTeX2e <2016/03/31> patch level 3
Babel <3.9r> and hyphenation patterns for 83 language(s) loaded.
! You can't use `macro parameter character #' in vertical mode.
l.1 #
      Python Lib Imports
Sorry, but I'm not programmed to handle this case;
I'll just pretend that you didn't ask for it.
If you're in the wrong mode, you might be able to
return to the right one by typing `I}' or `I$' or `I\par'.


! LaTeX Error: Missing \begin{document}.

See the LaTeX manual or LaTeX Companion for explanation.
Type  H <return>  for immediate help.
 ...                                              
                                                  
l.1 # P
       ython Lib Imports
You're in trouble here.  Try typing  <return>  to proceed.
If that doesn't work, type  X <return>  to quit.

Missing character: There is no P in font nullfont!
Missing character: There is no y in font nullfont!
Missing character: There is no t in font nullfont!
Missing character: There is no h in font nullfont!
Missing character: There is no o in font nullfont!
Missing character: There is no n in font nullfont!
Missing character: There is no L in font nullfont!
Missing character: There is no i in font nullfont!
Missing character: There is no b in font nullfont!
Missing character: There is no I in font nullfont!
Missing character: There is no m in font nullfont!
Missing character: There is no p in font nullfont!
Missing character: There is no o in font nullfont!
Missing character: There is no r in font nullfont!
Missing character: There is no t in font nullfont!
Missing character: There is no s in font nullfont!
Missing character: There is no i in font nullfont!
Missing character: There is no m in font nullfont!
Missing character: There is no p in font nullfont!
Missing character: There is no o in font nullfont!
Missing character: There is no r in font nullfont!
Missing character: There is no t in font nullfont!
Missing character: There is no m in font nullfont!
Missing character: There is no a in font nullfont!
Missing character: There is no t in font nullfont!
Missing character: There is no p in font nullfont!
Missing character: There is no l in font nullfont!
Missing character: There is no o in font nullfont!
Missing character: There is no t in font nullfont!
Missing character: There is no l in font nullfont!
Missing character: There is no i in font nullfont!
Missing character: There is no b in font nullfont!
Missing character: There is no . in font nullfont!
Missing character: There is no p in font nullfont!
Missing character: There is no y in font nullfont!
Missing character: There is no p in font nullfont!
Missing character: There is no l in font nullfont!
Missing character: There is no o in font nullfont!
Missing character: There is no t in font nullfont!
Missing character: There is no a in font nullfont!
Missing character: There is no s in font nullfont!
Missing character: There is no p in font nullfont!
Missing character: There is no y in font nullfont!
Missing character: There is no p in font nullfont!
Missing character: There is no l in font nullfont!
Missing character: There is no o in font nullfont!
Missing character: There is no t in font nullfont!
Missing character: There is no i in font nullfont!
Missing character: There is no m in font nullfont!
Missing character: There is no p in font nullfont!
Missing character: There is no o in font nullfont!
Missing character: There is no r in font nullfont!
Missing character: There is no t in font nullfont!
Missing character: There is no n in font nullfont!
Missing character: There is no u in font nullfont!
Missing character: There is no m in font nullfont!
Missing character: There is no p in font nullfont!
Missing character: There is no y in font nullfont!
Missing character: There is no a in font nullfont!
Missing character: There is no s in font nullfont!
Missing character: There is no n in font nullfont!
Missing character: There is no p in font nullfont!
! You can't use `macro parameter character #' in horizontal mode.
l.4 #
      Local Import
Sorry, but I'm not programmed to handle this case;
I'll just pretend that you didn't ask for it.
If you're in the wrong mode, you might be able to
return to the right one by typing `I}' or `I$' or `I\par'.

Missing character: There is no L in font nullfont!
Missing character: There is no o in font nullfont!
Missing character: There is no c in font nullfont!
Missing character: There is no a in font nullfont!
Missing character: There is no l in font nullfont!
Missing character: There is no I in font nullfont!
Missing character: There is no m in font nullfont!
Missing character: There is no p in font nullfont!
Missing character: There is no o in font nullfont!
Missing character: There is no r in font nullfont!
Missing character: There is no t in font nullfont!
Missing character: There is no i in font nullfont!
Missing character: There is no m in font nullfont!
Missing character: There is no p in font nullfont!
Missing character: There is no o in font nullfont!
Missing character: There is no r in font nullfont!
Missing character: There is no t in font nullfont!
Missing character: There is no l in font nullfont!
Missing character: There is no i in font nullfont!
Missing character: There is no b in font nullfont!

Overfull \hbox (20.0pt too wide) in paragraph at lines 1--6
[]
 []


! LaTeX Error: Missing \begin{document}.

See the LaTeX manual or LaTeX Companion for explanation.
Type  H <return>  for immediate help.
 ...                                              
                                                  
l.8 d
     ef setup_clusters(k, iris_samples):
You're in trouble here.  Try typing  <return>  to proceed.
If that doesn't work, type  X <return>  to quit.

Missing character: There is no d in font nullfont!
Missing character: There is no e in font nullfont!
Missing character: There is no f in font nullfont!
Missing character: There is no s in font nullfont!
Missing character: There is no e in font nullfont!
Missing character: There is no t in font nullfont!
Missing character: There is no u in font nullfont!
Missing character: There is no p in font nullfont!
! Missing $ inserted.
<inserted text> 
                $
l.8 def setup_
              clusters(k, iris_samples):
I've inserted a begin-math/end-math symbol since I think
you left one out. Proceed, with fingers crossed.

LaTeX Font Info:    External font `cmex10' loaded for size
(Font)              <7> on input line 8.
LaTeX Font Info:    External font `cmex10' loaded for size
(Font)              <5> on input line 8.
! Missing $ inserted.
<inserted text> 
                $
l.12 
     
I've inserted a begin-math/end-math symbol since I think
you left one out. Proceed, with fingers crossed.


Overfull \hbox (20.0pt too wide) in paragraph at lines 8--12
[]
 []


Overfull \hbox (118.38893pt too wide) in paragraph at lines 8--12
[]\OML/cmm/m/it/10 lusters\OT1/cmr/m/n/10 (\OML/cmm/m/it/10 k; iris[]amples\OT1
/cmr/m/n/10 ) :[]
 []


Overfull \hbox (280.31454pt too wide) in paragraph at lines 8--12
\OML/cmm/m/it/10 InitializeclustersRandomlychoosesinitialcentroidsforclusters$ 

 []


! LaTeX Error: Missing \begin{document}.

See the LaTeX manual or LaTeX Companion for explanation.
Type  H <return>  for immediate help.
 ...                                              
                                                  
l.13     :
          param k: number of initial clusters
You're in trouble here.  Try typing  <return>  to proceed.
If that doesn't work, type  X <return>  to quit.

Missing character: There is no : in font nullfont!
Missing character: There is no p in font nullfont!
Missing character: There is no a in font nullfont!
Missing character: There is no r in font nullfont!
Missing character: There is no a in font nullfont!
Missing character: There is no m in font nullfont!
Missing character: There is no k in font nullfont!
Missing character: There is no : in font nullfont!
Missing character: There is no n in font nullfont!
Missing character: There is no u in font nullfont!
Missing character: There is no m in font nullfont!
Missing character: There is no b in font nullfont!
Missing character: There is no e in font nullfont!
Missing character: There is no r in font nullfont!
Missing character: There is no o in font nullfont!
Missing character: There is no f in font nullfont!
Missing character: There is no i in font nullfont!
Missing character: There is no n in font nullfont!
Missing character: There is no i in font nullfont!
Missing character: There is no t in font nullfont!
Missing character: There is no i in font nullfont!
Missing character: There is no a in font nullfont!
Missing character: There is no l in font nullfont!
Missing character: There is no c in font nullfont!
Missing character: There is no l in font nullfont!
Missing character: There is no u in font nullfont!
Missing character: There is no s in font nullfont!
Missing character: There is no t in font nullfont!
Missing character: There is no e in font nullfont!
Missing character: There is no r in font nullfont!
Missing character: There is no s in font nullfont!
Missing character: There is no : in font nullfont!
Missing character: There is no p in font nullfont!
Missing character: There is no a in font nullfont!
Missing character: There is no r in font nullfont!
Missing character: There is no a in font nullfont!
Missing character: There is no m in font nullfont!
Missing character: There is no i in font nullfont!
Missing character: There is no r in font nullfont!
Missing character: There is no i in font nullfont!
Missing character: There is no s in font nullfont!
! Missing $ inserted.
<inserted text> 
                $
l.14     :param iris_
                     samples: data
I've inserted a begin-math/end-math symbol since I think
you left one out. Proceed, with fingers crossed.

! Missing $ inserted.
<inserted text> 
                $
l.26 
     
I've inserted a begin-math/end-math symbol since I think
you left one out. Proceed, with fingers crossed.


Overfull \hbox (20.0pt too wide) in paragraph at lines 13--26
[]
 []


Overfull \hbox (41.45143pt too wide) in paragraph at lines 13--26
[]\OML/cmm/m/it/10 amples \OT1/cmr/m/n/10 :
 []


Overfull \hbox (24.94325pt too wide) in paragraph at lines 13--26
\OML/cmm/m/it/10 data \OT1/cmr/m/n/10 :
 []


Overfull \hbox (39.81604pt too wide) in paragraph at lines 13--26
\OML/cmm/m/it/10 returns \OT1/cmr/m/n/10 :
 []


Overfull \hbox (147.68953pt too wide) in paragraph at lines 13--26
\OML/cmm/m/it/10 arrayofclusters[]init[]entroids \OT1/cmr/m/n/10 =
 []


Overfull \hbox (51.77554pt too wide) in paragraph at lines 13--26
\OT1/cmr/m/n/10 []\OML/cmm/m/it/10 clusters \OT1/cmr/m/n/10 =
 []


Overfull \hbox (88.21794pt too wide) in paragraph at lines 13--26
\OT1/cmr/m/n/10 []\OML/cmm/m/it/10 foriinrange\OT1/cmr/m/n/10 (0\OML/cmm/m/it/1
0 ; k\OT1/cmr/m/n/10 ) :
 []


Overfull \hbox (15.246pt too wide) in paragraph at lines 13--26
\OML/cmm/m/it/10 j \OT1/cmr/m/n/10 =
 []


Overfull \hbox (245.44109pt too wide) in paragraph at lines 13--26
\OML/cmm/m/it/10 lib:randomize\OT1/cmr/m/n/10 (\OML/cmm/m/it/10 len\OT1/cmr/m/n
/10 (\OML/cmm/m/it/10 iris[]amples\OT1/cmr/m/n/10 ))\OML/cmm/m/it/10 whilejinin
it[]entroids \OT1/cmr/m/n/10 :
 []


Overfull \hbox (15.246pt too wide) in paragraph at lines 13--26
\OML/cmm/m/it/10 j \OT1/cmr/m/n/10 =
 []


Overfull \hbox (306.8302pt too wide) in paragraph at lines 13--26
\OML/cmm/m/it/10 lib:randomize\OT1/cmr/m/n/10 (\OML/cmm/m/it/10 len\OT1/cmr/m/n
/10 (\OML/cmm/m/it/10 iris[]amples\OT1/cmr/m/n/10 ))\OML/cmm/m/it/10 init[]entr
oids:append\OT1/cmr/m/n/10 (\OML/cmm/m/it/10 j\OT1/cmr/m/n/10 )\OML/cmm/m/it/10
 new[]luster \OT1/cmr/m/n/10 =
 []


Overfull \hbox (327.46034pt too wide) in paragraph at lines 13--26
\OML/cmm/m/it/10 lib:Cluster\OT1/cmr/m/n/10 (\OML/cmm/m/it/10 lib:Iris:from[]ri
s\OT1/cmr/m/n/10 (\OML/cmm/m/it/10 iris[]amples\OT1/cmr/m/n/10 [\OML/cmm/m/it/1
0 j\OT1/cmr/m/n/10 ]))\OML/cmm/m/it/10 clusters:append\OT1/cmr/m/n/10 (\OML/cmm
/m/it/10 new[]luster\OT1/cmr/m/n/10 )$ 
 []


! LaTeX Error: Missing \begin{document}.

See the LaTeX manual or LaTeX Companion for explanation.
Type  H <return>  for immediate help.
 ...                                              
                                                  
l.27     r
          eturn clusters
You're in trouble here.  Try typing  <return>  to proceed.
If that doesn't work, type  X <return>  to quit.

Missing character: There is no r in font nullfont!
Missing character: There is no e in font nullfont!
Missing character: There is no t in font nullfont!
Missing character: There is no u in font nullfont!
Missing character: There is no r in font nullfont!
Missing character: There is no n in font nullfont!
Missing character: There is no c in font nullfont!
Missing character: There is no l in font nullfont!
Missing character: There is no u in font nullfont!
Missing character: There is no s in font nullfont!
Missing character: There is no t in font nullfont!
Missing character: There is no e in font nullfont!
Missing character: There is no r in font nullfont!
Missing character: There is no s in font nullfont!

Overfull \hbox (20.0pt too wide) in paragraph at lines 27--28
[]
 []


! LaTeX Error: Missing \begin{document}.

See the LaTeX manual or LaTeX Companion for explanation.
Type  H <return>  for immediate help.
 ...                                              
                                                  
l.30 d
      ef k_means(k, iterations):
You're in trouble here.  Try typing  <return>  to proceed.
If that doesn't work, type  X <return>  to quit.

Missing character: There is no d in font nullfont!
Missing character: There is no e in font nullfont!
Missing character: There is no f in font nullfont!
Missing character: There is no k in font nullfont!
! Missing $ inserted.
<inserted text> 
                $
l.30 def k_
           means(k, iterations):
I've inserted a begin-math/end-math symbol since I think
you left one out. Proceed, with fingers crossed.

! Missing $ inserted.
<inserted text> 
                $
l.33 
     
I've inserted a begin-math/end-math symbol since I think
you left one out. Proceed, with fingers crossed.


Overfull \hbox (20.0pt too wide) in paragraph at lines 30--33
[]
 []


Overfull \hbox (103.32443pt too wide) in paragraph at lines 30--33
[]\OML/cmm/m/it/10 eans\OT1/cmr/m/n/10 (\OML/cmm/m/it/10 k; iterations\OT1/cmr/
m/n/10 ) :[]
 []


Overfull \hbox (16.98613pt too wide) in paragraph at lines 30--33
\OML/cmm/m/it/10 K \OMS/cmsy/m/n/10 ^^@
 []


Overfull \hbox (78.46727pt too wide) in paragraph at lines 30--33
\OML/cmm/m/it/10 MeansAlgorithm$ 
 []


! LaTeX Error: Missing \begin{document}.

See the LaTeX manual or LaTeX Companion for explanation.
Type  H <return>  for immediate help.
 ...                                              
                                                  
l.34     :
          param k: number of clusters
You're in trouble here.  Try typing  <return>  to proceed.
If that doesn't work, type  X <return>  to quit.

Missing character: There is no : in font nullfont!
Missing character: There is no p in font nullfont!
Missing character: There is no a in font nullfont!
Missing character: There is no r in font nullfont!
Missing character: There is no a in font nullfont!
Missing character: There is no m in font nullfont!
Missing character: There is no k in font nullfont!
Missing character: There is no : in font nullfont!
Missing character: There is no n in font nullfont!
Missing character: There is no u in font nullfont!
Missing character: There is no m in font nullfont!
Missing character: There is no b in font nullfont!
Missing character: There is no e in font nullfont!
Missing character: There is no r in font nullfont!
Missing character: There is no o in font nullfont!
Missing character: There is no f in font nullfont!
Missing character: There is no c in font nullfont!
Missing character: There is no l in font nullfont!
Missing character: There is no u in font nullfont!
Missing character: There is no s in font nullfont!
Missing character: There is no t in font nullfont!
Missing character: There is no e in font nullfont!
Missing character: There is no r in font nullfont!
Missing character: There is no s in font nullfont!
Missing character: There is no : in font nullfont!
Missing character: There is no p in font nullfont!
Missing character: There is no a in font nullfont!
Missing character: There is no r in font nullfont!
Missing character: There is no a in font nullfont!
Missing character: There is no m in font nullfont!
Missing character: There is no i in font nullfont!
Missing character: There is no t in font nullfont!
Missing character: There is no e in font nullfont!
Missing character: There is no r in font nullfont!
Missing character: There is no a in font nullfont!
Missing character: There is no t in font nullfont!
Missing character: There is no i in font nullfont!
Missing character: There is no o in font nullfont!
Missing character: There is no n in font nullfont!
Missing character: There is no s in font nullfont!
Missing character: There is no : in font nullfont!
Missing character: There is no m in font nullfont!
Missing character: There is no a in font nullfont!
Missing character: There is no x in font nullfont!
Missing character: There is no i in font nullfont!
Missing character: There is no t in font nullfont!
Missing character: There is no e in font nullfont!
Missing character: There is no r in font nullfont!
Missing character: There is no a in font nullfont!
Missing character: There is no t in font nullfont!
Missing character: There is no i in font nullfont!
Missing character: There is no o in font nullfont!
Missing character: There is no n in font nullfont!
Missing character: There is no s in font nullfont!
Missing character: There is no : in font nullfont!
Missing character: There is no r in font nullfont!
Missing character: There is no e in font nullfont!
Missing character: There is no t in font nullfont!
Missing character: There is no u in font nullfont!
Missing character: There is no r in font nullfont!
Missing character: There is no n in font nullfont!
Missing character: There is no s in font nullfont!
Missing character: There is no : in font nullfont!
Missing character: There is no s in font nullfont!
Missing character: There is no s in font nullfont!
! Missing $ inserted.
<inserted text> 
                $
l.36     :returns: ss_
                      total score
I've inserted a begin-math/end-math symbol since I think
you left one out. Proceed, with fingers crossed.

! Missing $ inserted.
<inserted text> 
                $
l.39 
     
I've inserted a begin-math/end-math symbol since I think
you left one out. Proceed, with fingers crossed.


Overfull \hbox (20.0pt too wide) in paragraph at lines 34--39
[]
 []


Overfull \hbox (159.9717pt too wide) in paragraph at lines 34--39
[]\OML/cmm/m/it/10 otalscore[]iris[]amples; iris[]abels \OT1/cmr/m/n/10 =
 []


Overfull \hbox (70.82294pt too wide) in paragraph at lines 34--39
\OML/cmm/m/it/10 lib:import[]ata\OT1/cmr/m/n/10 ()$ 
 []


! LaTeX Error: Missing \begin{document}.

See the LaTeX manual or LaTeX Companion for explanation.
Type  H <return>  for immediate help.
 ...                                              
                                                  
l.40     c
          lusters = setup_clusters(k, iris_samples)
You're in trouble here.  Try typing  <return>  to proceed.
If that doesn't work, type  X <return>  to quit.

Missing character: There is no c in font nullfont!
Missing character: There is no l in font nullfont!
Missing character: There is no u in font nullfont!
Missing character: There is no s in font nullfont!
Missing character: There is no t in font nullfont!
Missing character: There is no e in font nullfont!
Missing character: There is no r in font nullfont!
Missing character: There is no s in font nullfont!
Missing character: There is no = in font nullfont!
Missing character: There is no s in font nullfont!
Missing character: There is no e in font nullfont!
Missing character: There is no t in font nullfont!
Missing character: There is no u in font nullfont!
Missing character: There is no p in font nullfont!
! Missing $ inserted.
<inserted text> 
                $
l.40     clusters = setup_
                          clusters(k, iris_samples)
I've inserted a begin-math/end-math symbol since I think
you left one out. Proceed, with fingers crossed.

! You can't use `macro parameter character #' in math mode.
l.42         #
               Reset Samples
Sorry, but I'm not programmed to handle this case;
I'll just pretend that you didn't ask for it.
If you're in the wrong mode, you might be able to
return to the right one by typing `I}' or `I$' or `I\par'.

! Missing $ inserted.
<inserted text> 
                $
l.45 
     
I've inserted a begin-math/end-math symbol since I think
you left one out. Proceed, with fingers crossed.


Overfull \hbox (20.0pt too wide) in paragraph at lines 40--45
[]
 []


Overfull \hbox (226.93938pt too wide) in paragraph at lines 40--45
[]\OML/cmm/m/it/10 lusters\OT1/cmr/m/n/10 (\OML/cmm/m/it/10 k; iris[]amples\OT1
/cmr/m/n/10 )\OML/cmm/m/it/10 foriinrange\OT1/cmr/m/n/10 (0\OML/cmm/m/it/10 ; i
terations\OT1/cmr/m/n/10 ) :
 []


Overfull \hbox (160.86447pt too wide) in paragraph at lines 40--45
\OML/cmm/m/it/10 ResetSamplesforclusterinclusters \OT1/cmr/m/n/10 :
 []


Overfull \hbox (98.8348pt too wide) in paragraph at lines 40--45
\OML/cmm/m/it/10 cluster:clear[]amples\OT1/cmr/m/n/10 ()$ 
 []

! You can't use `macro parameter character #' in vertical mode.
l.46         #
               Cluster Samples
Sorry, but I'm not programmed to handle this case;
I'll just pretend that you didn't ask for it.
If you're in the wrong mode, you might be able to
return to the right one by typing `I}' or `I$' or `I\par'.


! LaTeX Error: Missing \begin{document}.

See the LaTeX manual or LaTeX Companion for explanation.
Type  H <return>  for immediate help.
 ...                                              
                                                  
l.46         # C
                luster Samples
You're in trouble here.  Try typing  <return>  to proceed.
If that doesn't work, type  X <return>  to quit.

Missing character: There is no C in font nullfont!
Missing character: There is no l in font nullfont!
Missing character: There is no u in font nullfont!
Missing character: There is no s in font nullfont!
Missing character: There is no t in font nullfont!
Missing character: There is no e in font nullfont!
Missing character: There is no r in font nullfont!
Missing character: There is no S in font nullfont!
Missing character: There is no a in font nullfont!
Missing character: There is no m in font nullfont!
Missing character: There is no p in font nullfont!
Missing character: There is no l in font nullfont!
Missing character: There is no e in font nullfont!
Missing character: There is no s in font nullfont!
Missing character: There is no f in font nullfont!
Missing character: There is no o in font nullfont!
Missing character: There is no r in font nullfont!
Missing character: There is no s in font nullfont!
Missing character: There is no a in font nullfont!
Missing character: There is no m in font nullfont!
Missing character: There is no p in font nullfont!
Missing character: There is no l in font nullfont!
Missing character: There is no e in font nullfont!
Missing character: There is no i in font nullfont!
Missing character: There is no n in font nullfont!
Missing character: There is no i in font nullfont!
Missing character: There is no r in font nullfont!
Missing character: There is no i in font nullfont!
Missing character: There is no s in font nullfont!
! Missing $ inserted.
<inserted text> 
                $
l.47         for sample in iris_
                                samples:
I've inserted a begin-math/end-math symbol since I think
you left one out. Proceed, with fingers crossed.

! You can't use `macro parameter character #' in math mode.
l.53                     #
                           New Closest Cluster
Sorry, but I'm not programmed to handle this case;
I'll just pretend that you didn't ask for it.
If you're in the wrong mode, you might be able to
return to the right one by typing `I}' or `I$' or `I\par'.

! You can't use `macro parameter character #' in math mode.
l.57                     #
                           Randomize Ties
Sorry, but I'm not programmed to handle this case;
I'll just pretend that you didn't ask for it.
If you're in the wrong mode, you might be able to
return to the right one by typing `I}' or `I$' or `I\par'.

! Missing $ inserted.
<inserted text> 
                $
l.61 
     
I've inserted a begin-math/end-math symbol since I think
you left one out. Proceed, with fingers crossed.


Overfull \hbox (20.0pt too wide) in paragraph at lines 46--61
[]
 []


Overfull \hbox (41.45143pt too wide) in paragraph at lines 46--61
[]\OML/cmm/m/it/10 amples \OT1/cmr/m/n/10 :
 []


Overfull \hbox (40.55325pt too wide) in paragraph at lines 46--61
\OML/cmm/m/it/10 closest \OT1/cmr/m/n/10 =
 []


Overfull \hbox (76.05972pt too wide) in paragraph at lines 46--61
\OMS/cmsy/m/n/10 ^^@\OT1/cmr/m/n/10 1\OML/cmm/m/it/10 :\OT1/cmr/m/n/10 0\OML/cm
m/m/it/10 cluster[]dx \OT1/cmr/m/n/10 =
 []


Overfull \hbox (140.66835pt too wide) in paragraph at lines 46--61
\OT1/cmr/m/n/10 0\OML/cmm/m/it/10 forjinrange\OT1/cmr/m/n/10 (0\OML/cmm/m/it/10
 ; len\OT1/cmr/m/n/10 (\OML/cmm/m/it/10 clusters\OT1/cmr/m/n/10 )) :
 []


Overfull \hbox (57.6613pt too wide) in paragraph at lines 46--61
\OML/cmm/m/it/10 cluster[]ist \OT1/cmr/m/n/10 =
 []


Overfull \hbox (232.04875pt too wide) in paragraph at lines 46--61
\OML/cmm/m/it/10 sample:distance\OT1/cmr/m/n/10 (\OML/cmm/m/it/10 clusters\OT1/
cmr/m/n/10 [\OML/cmm/m/it/10 j\OT1/cmr/m/n/10 ]\OML/cmm/m/it/10 :centroid\OT1/c
mr/m/n/10 )\OML/cmm/m/it/10 ifcluster[]ist <
 []


Overfull \hbox (87.9654pt too wide) in paragraph at lines 46--61
\OML/cmm/m/it/10 closestorclosest \OT1/cmr/m/n/10 ==
 []


Overfull \hbox (18.33331pt too wide) in paragraph at lines 46--61
\OMS/cmsy/m/n/10 ^^@\OT1/cmr/m/n/10 1 :
 []


Overfull \hbox (129.8073pt too wide) in paragraph at lines 46--61
\OML/cmm/m/it/10 NewClosestClusterclosest \OT1/cmr/m/n/10 =
 []


Overfull \hbox (102.6099pt too wide) in paragraph at lines 46--61
\OML/cmm/m/it/10 cluster[]istcluster[]dx \OT1/cmr/m/n/10 =
 []


Overfull \hbox (87.38382pt too wide) in paragraph at lines 46--61
\OML/cmm/m/it/10 jelifcluster[]ist \OT1/cmr/m/n/10 ==
 []


Overfull \hbox (35.55324pt too wide) in paragraph at lines 46--61
\OML/cmm/m/it/10 closest \OT1/cmr/m/n/10 :
 []


Overfull \hbox (131.19547pt too wide) in paragraph at lines 46--61
\OML/cmm/m/it/10 RandomizeTiescluster[]dxs \OT1/cmr/m/n/10 =
 []


Overfull \hbox (115.14317pt too wide) in paragraph at lines 46--61
\OT1/cmr/m/n/10 [\OML/cmm/m/it/10 cluster[]dx; j\OT1/cmr/m/n/10 ]\OML/cmm/m/it/
10 cluster[]dx \OT1/cmr/m/n/10 =
 []


Overfull \hbox (305.01604pt too wide) in paragraph at lines 46--61
\OML/cmm/m/it/10 cluster[]dxs\OT1/cmr/m/n/10 [\OML/cmm/m/it/10 lib:randomize\OT
1/cmr/m/n/10 (2)]\OML/cmm/m/it/10 clusters\OT1/cmr/m/n/10 [\OML/cmm/m/it/10 clu
ster[]dx\OT1/cmr/m/n/10 ]\OML/cmm/m/it/10 :add[]ample\OT1/cmr/m/n/10 (\OML/cmm/
m/it/10 sample\OT1/cmr/m/n/10 )$ 
 []

! You can't use `macro parameter character #' in vertical mode.
l.62         #
               Update Centroids
Sorry, but I'm not programmed to handle this case;
I'll just pretend that you didn't ask for it.
If you're in the wrong mode, you might be able to
return to the right one by typing `I}' or `I$' or `I\par'.


! LaTeX Error: Missing \begin{document}.

See the LaTeX manual or LaTeX Companion for explanation.
Type  H <return>  for immediate help.
 ...                                              
                                                  
l.62         # U
                pdate Centroids
You're in trouble here.  Try typing  <return>  to proceed.
If that doesn't work, type  X <return>  to quit.

Missing character: There is no U in font nullfont!
Missing character: There is no p in font nullfont!
Missing character: There is no d in font nullfont!
Missing character: There is no a in font nullfont!
Missing character: There is no t in font nullfont!
Missing character: There is no e in font nullfont!
Missing character: There is no C in font nullfont!
Missing character: There is no e in font nullfont!
Missing character: There is no n in font nullfont!
Missing character: There is no t in font nullfont!
Missing character: There is no r in font nullfont!
Missing character: There is no o in font nullfont!
Missing character: There is no i in font nullfont!
Missing character: There is no d in font nullfont!
Missing character: There is no s in font nullfont!
Missing character: There is no t in font nullfont!
Missing character: There is no o in font nullfont!
! Missing $ inserted.
<inserted text> 
                $
l.63         to_
                remove = []
I've inserted a begin-math/end-math symbol since I think
you left one out. Proceed, with fingers crossed.

! Missing $ inserted.
<inserted text> 
                $
l.69 
     
I've inserted a begin-math/end-math symbol since I think
you left one out. Proceed, with fingers crossed.


Overfull \hbox (20.0pt too wide) in paragraph at lines 62--69
[]
 []


Overfull \hbox (43.12967pt too wide) in paragraph at lines 62--69
[]\OML/cmm/m/it/10 emove \OT1/cmr/m/n/10 =
 []


Overfull \hbox (102.80882pt too wide) in paragraph at lines 62--69
\OT1/cmr/m/n/10 []\OML/cmm/m/it/10 forclusterinclusters \OT1/cmr/m/n/10 :
 []


Overfull \hbox (118.87599pt too wide) in paragraph at lines 62--69
\OML/cmm/m/it/10 iflen\OT1/cmr/m/n/10 (\OML/cmm/m/it/10 cluster:samples\OT1/cmr
/m/n/10 ) ==
 []


Overfull \hbox (10.55551pt too wide) in paragraph at lines 62--69
\OT1/cmr/m/n/10 0 :
 []


Overfull \hbox (259.51451pt too wide) in paragraph at lines 62--69
\OML/cmm/m/it/10 to[]emove:append\OT1/cmr/m/n/10 (\OML/cmm/m/it/10 cluster\OT1/
cmr/m/n/10 )\OML/cmm/m/it/10 continuecluster:update[]entroid\OT1/cmr/m/n/10 ()$
 
 []

! You can't use `macro parameter character #' in vertical mode.
l.70         #
               Vanishing Clusters
Sorry, but I'm not programmed to handle this case;
I'll just pretend that you didn't ask for it.
If you're in the wrong mode, you might be able to
return to the right one by typing `I}' or `I$' or `I\par'.


! LaTeX Error: Missing \begin{document}.

See the LaTeX manual or LaTeX Companion for explanation.
Type  H <return>  for immediate help.
 ...                                              
                                                  
l.70         # V
                anishing Clusters
You're in trouble here.  Try typing  <return>  to proceed.
If that doesn't work, type  X <return>  to quit.

Missing character: There is no V in font nullfont!
Missing character: There is no a in font nullfont!
Missing character: There is no n in font nullfont!
Missing character: There is no i in font nullfont!
Missing character: There is no s in font nullfont!
Missing character: There is no h in font nullfont!
Missing character: There is no i in font nullfont!
Missing character: There is no n in font nullfont!
Missing character: There is no g in font nullfont!
Missing character: There is no C in font nullfont!
Missing character: There is no l in font nullfont!
Missing character: There is no u in font nullfont!
Missing character: There is no s in font nullfont!
Missing character: There is no t in font nullfont!
Missing character: There is no e in font nullfont!
Missing character: There is no r in font nullfont!
Missing character: There is no s in font nullfont!
Missing character: There is no f in font nullfont!
Missing character: There is no o in font nullfont!
Missing character: There is no r in font nullfont!
Missing character: There is no c in font nullfont!
Missing character: There is no l in font nullfont!
Missing character: There is no u in font nullfont!
Missing character: There is no s in font nullfont!
Missing character: There is no t in font nullfont!
Missing character: There is no e in font nullfont!
Missing character: There is no r in font nullfont!
Missing character: There is no i in font nullfont!
Missing character: There is no n in font nullfont!
Missing character: There is no t in font nullfont!
Missing character: There is no o in font nullfont!
! Missing $ inserted.
<inserted text> 
                $
l.71         for cluster in to_
                               remove:
I've inserted a begin-math/end-math symbol since I think
you left one out. Proceed, with fingers crossed.

! Missing $ inserted.
<inserted text> 
                $
l.73 
     
I've inserted a begin-math/end-math symbol since I think
you left one out. Proceed, with fingers crossed.


Overfull \hbox (20.0pt too wide) in paragraph at lines 70--73
[]
 []


Overfull \hbox (38.12965pt too wide) in paragraph at lines 70--73
[]\OML/cmm/m/it/10 emove \OT1/cmr/m/n/10 :
 []


Overfull \hbox (110.13228pt too wide) in paragraph at lines 70--73
\OML/cmm/m/it/10 clusters:remove\OT1/cmr/m/n/10 (\OML/cmm/m/it/10 cluster\OT1/c
mr/m/n/10 )$ 
 []


! LaTeX Error: Missing \begin{document}.

See the LaTeX manual or LaTeX Companion for explanation.
Type  H <return>  for immediate help.
 ...                                              
                                                  
l.74     t
          otal_ss_total = 0.0
You're in trouble here.  Try typing  <return>  to proceed.
If that doesn't work, type  X <return>  to quit.

Missing character: There is no t in font nullfont!
Missing character: There is no o in font nullfont!
Missing character: There is no t in font nullfont!
Missing character: There is no a in font nullfont!
Missing character: There is no l in font nullfont!
! Missing $ inserted.
<inserted text> 
                $
l.74     total_
               ss_total = 0.0
I've inserted a begin-math/end-math symbol since I think
you left one out. Proceed, with fingers crossed.

! Missing $ inserted.
<inserted text> 
                $
l.77 
     
I've inserted a begin-math/end-math symbol since I think
you left one out. Proceed, with fingers crossed.


Overfull \hbox (59.96298pt too wide) in paragraph at lines 74--77
[]$[]\OML/cmm/m/it/10 s[]otal \OT1/cmr/m/n/10 =
 []


Overfull \hbox (110.03107pt too wide) in paragraph at lines 74--77
\OT1/cmr/m/n/10 0\OML/cmm/m/it/10 :\OT1/cmr/m/n/10 0\OML/cmm/m/it/10 forcluster
inclusters \OT1/cmr/m/n/10 :
 []


Overfull \hbox (68.07993pt too wide) in paragraph at lines 74--77
\OML/cmm/m/it/10 total[]s[]otal\OT1/cmr/m/n/10 + =
 []


Overfull \hbox (83.7803pt too wide) in paragraph at lines 74--77
\OML/cmm/m/it/10 cluster:get[]s[]otal\OT1/cmr/m/n/10 ()$ 
 []


! LaTeX Error: Missing \begin{document}.

See the LaTeX manual or LaTeX Companion for explanation.
Type  H <return>  for immediate help.
 ...                                              
                                                  
l.78     r
          eturn total_ss_total, clusters
You're in trouble here.  Try typing  <return>  to proceed.
If that doesn't work, type  X <return>  to quit.

Missing character: There is no r in font nullfont!
Missing character: There is no e in font nullfont!
Missing character: There is no t in font nullfont!
Missing character: There is no u in font nullfont!
Missing character: There is no r in font nullfont!
Missing character: There is no n in font nullfont!
Missing character: There is no t in font nullfont!
Missing character: There is no o in font nullfont!
Missing character: There is no t in font nullfont!
Missing character: There is no a in font nullfont!
Missing character: There is no l in font nullfont!
! Missing $ inserted.
<inserted text> 
                $
l.78     return total_
                      ss_total, clusters
I've inserted a begin-math/end-math symbol since I think
you left one out. Proceed, with fingers crossed.

! Missing $ inserted.
<inserted text> 
                $
l.79 
     
I've inserted a begin-math/end-math symbol since I think
you left one out. Proceed, with fingers crossed.


Overfull \hbox (20.0pt too wide) in paragraph at lines 78--79
[]
 []


Overfull \hbox (69.51634pt too wide) in paragraph at lines 78--79
[]\OML/cmm/m/it/10 s[]otal; clusters$ 
 []


! LaTeX Error: Missing \begin{document}.

See the LaTeX manual or LaTeX Companion for explanation.
Type  H <return>  for immediate help.
 ...                                              
                                                  
l.81 d
      ef part_a():
You're in trouble here.  Try typing  <return>  to proceed.
If that doesn't work, type  X <return>  to quit.

Missing character: There is no d in font nullfont!
Missing character: There is no e in font nullfont!
Missing character: There is no f in font nullfont!
Missing character: There is no p in font nullfont!
Missing character: There is no a in font nullfont!
Missing character: There is no r in font nullfont!
Missing character: There is no t in font nullfont!
! Missing $ inserted.
<inserted text> 
                $
l.81 def part_
              a():
I've inserted a begin-math/end-math symbol since I think
you left one out. Proceed, with fingers crossed.

! Missing $ inserted.
<inserted text> 
                $
l.84 
     
I've inserted a begin-math/end-math symbol since I think
you left one out. Proceed, with fingers crossed.


Overfull \hbox (20.0pt too wide) in paragraph at lines 81--84
[]
 []


Overfull \hbox (25.58762pt too wide) in paragraph at lines 81--84
[]\OT1/cmr/m/n/10 () :[]
 []


Overfull \hbox (128.74913pt too wide) in paragraph at lines 81--84
\OML/cmm/m/it/10 PartAperProblemStatement$ 
 []


! LaTeX Error: Missing \begin{document}.

See the LaTeX manual or LaTeX Companion for explanation.
Type  H <return>  for immediate help.
 ...                                              
                                                  
l.85     :
          returns: Best Clusters for each combination of k's and itr's
You're in trouble here.  Try typing  <return>  to proceed.
If that doesn't work, type  X <return>  to quit.

Missing character: There is no : in font nullfont!
Missing character: There is no r in font nullfont!
Missing character: There is no e in font nullfont!
Missing character: There is no t in font nullfont!
Missing character: There is no u in font nullfont!
Missing character: There is no r in font nullfont!
Missing character: There is no n in font nullfont!
Missing character: There is no s in font nullfont!
Missing character: There is no : in font nullfont!
Missing character: There is no B in font nullfont!
Missing character: There is no e in font nullfont!
Missing character: There is no s in font nullfont!
Missing character: There is no t in font nullfont!
Missing character: There is no C in font nullfont!
Missing character: There is no l in font nullfont!
Missing character: There is no u in font nullfont!
Missing character: There is no s in font nullfont!
Missing character: There is no t in font nullfont!
Missing character: There is no e in font nullfont!
Missing character: There is no r in font nullfont!
Missing character: There is no s in font nullfont!
Missing character: There is no f in font nullfont!
Missing character: There is no o in font nullfont!
Missing character: There is no r in font nullfont!
Missing character: There is no e in font nullfont!
Missing character: There is no a in font nullfont!
Missing character: There is no c in font nullfont!
Missing character: There is no h in font nullfont!
Missing character: There is no c in font nullfont!
Missing character: There is no o in font nullfont!
Missing character: There is no m in font nullfont!
Missing character: There is no b in font nullfont!
Missing character: There is no i in font nullfont!
Missing character: There is no n in font nullfont!
Missing character: There is no a in font nullfont!
Missing character: There is no t in font nullfont!
Missing character: There is no i in font nullfont!
Missing character: There is no o in font nullfont!
Missing character: There is no n in font nullfont!
Missing character: There is no o in font nullfont!
Missing character: There is no f in font nullfont!
Missing character: There is no k in font nullfont!
Missing character: There is no ' in font nullfont!
Missing character: There is no s in font nullfont!
Missing character: There is no a in font nullfont!
Missing character: There is no n in font nullfont!
Missing character: There is no d in font nullfont!
Missing character: There is no i in font nullfont!
Missing character: There is no t in font nullfont!
Missing character: There is no r in font nullfont!
Missing character: There is no ' in font nullfont!
Missing character: There is no s in font nullfont!
Missing character: There is no ' in font nullfont!
Missing character: There is no ' in font nullfont!
Missing character: There is no ' in font nullfont!
Missing character: There is no k in font nullfont!
Missing character: There is no s in font nullfont!
Missing character: There is no = in font nullfont!
Missing character: There is no [ in font nullfont!
Missing character: There is no 3 in font nullfont!
Missing character: There is no , in font nullfont!
Missing character: There is no 4 in font nullfont!
Missing character: There is no , in font nullfont!
Missing character: There is no 5 in font nullfont!
Missing character: There is no ] in font nullfont!
Missing character: There is no i in font nullfont!
Missing character: There is no t in font nullfont!
Missing character: There is no r in font nullfont!
Missing character: There is no s in font nullfont!
Missing character: There is no = in font nullfont!
Missing character: There is no [ in font nullfont!
Missing character: There is no 5 in font nullfont!
Missing character: There is no , in font nullfont!
Missing character: There is no 1 in font nullfont!
Missing character: There is no 0 in font nullfont!
Missing character: There is no , in font nullfont!
Missing character: There is no 2 in font nullfont!
Missing character: There is no 0 in font nullfont!
Missing character: There is no ] in font nullfont!
Missing character: There is no l in font nullfont!
Missing character: There is no a in font nullfont!
Missing character: There is no b in font nullfont!
Missing character: There is no e in font nullfont!
Missing character: There is no l in font nullfont!
Missing character: There is no s in font nullfont!
Missing character: There is no = in font nullfont!
Missing character: There is no [ in font nullfont!
Missing character: There is no ] in font nullfont!

Overfull \hbox (20.0pt too wide) in paragraph at lines 85--90
[]
 []


! LaTeX Error: Missing \begin{document}.

See the LaTeX manual or LaTeX Companion for explanation.
Type  H <return>  for immediate help.
 ...                                              
                                                  
l.91     b
          est_scores = []
You're in trouble here.  Try typing  <return>  to proceed.
If that doesn't work, type  X <return>  to quit.

Missing character: There is no b in font nullfont!
Missing character: There is no e in font nullfont!
Missing character: There is no s in font nullfont!
Missing character: There is no t in font nullfont!
! Missing $ inserted.
<inserted text> 
                $
l.91     best_
              scores = []
I've inserted a begin-math/end-math symbol since I think
you left one out. Proceed, with fingers crossed.

! Missing $ inserted.
<inserted text> 
                $
l.93 
     
I've inserted a begin-math/end-math symbol since I think
you left one out. Proceed, with fingers crossed.


Overfull \hbox (58.13776pt too wide) in paragraph at lines 91--93
[]$[]\OML/cmm/m/it/10 cores \OT1/cmr/m/n/10 =
 []


Overfull \hbox (68.76826pt too wide) in paragraph at lines 91--93
\OT1/cmr/m/n/10 []\OML/cmm/m/it/10 best[]lusters \OT1/cmr/m/n/10 =
 []


Overfull \hbox (5.55557pt too wide) in paragraph at lines 91--93
\OT1/cmr/m/n/10 []$ 
 []


! LaTeX Error: Missing \begin{document}.

See the LaTeX manual or LaTeX Companion for explanation.
Type  H <return>  for immediate help.
 ...                                              
                                                  
l.94     f
          or k in ks:
You're in trouble here.  Try typing  <return>  to proceed.
If that doesn't work, type  X <return>  to quit.

Missing character: There is no f in font nullfont!
Missing character: There is no o in font nullfont!
Missing character: There is no r in font nullfont!
Missing character: There is no k in font nullfont!
Missing character: There is no i in font nullfont!
Missing character: There is no n in font nullfont!
Missing character: There is no k in font nullfont!
Missing character: There is no s in font nullfont!
Missing character: There is no : in font nullfont!
Missing character: There is no f in font nullfont!
Missing character: There is no o in font nullfont!
Missing character: There is no r in font nullfont!
Missing character: There is no i in font nullfont!
Missing character: There is no t in font nullfont!
Missing character: There is no r in font nullfont!
Missing character: There is no i in font nullfont!
Missing character: There is no n in font nullfont!
Missing character: There is no i in font nullfont!
Missing character: There is no t in font nullfont!
Missing character: There is no r in font nullfont!
Missing character: There is no s in font nullfont!
Missing character: There is no : in font nullfont!
Missing character: There is no b in font nullfont!
Missing character: There is no e in font nullfont!
Missing character: There is no s in font nullfont!
Missing character: There is no t in font nullfont!
! Missing $ inserted.
<inserted text> 
                $
l.96             best_
                      ss_total = -1
I've inserted a begin-math/end-math symbol since I think
you left one out. Proceed, with fingers crossed.

! Missing $ inserted.
<inserted text> 
                $
l.98 
     
I've inserted a begin-math/end-math symbol since I think
you left one out. Proceed, with fingers crossed.


Overfull \hbox (20.0pt too wide) in paragraph at lines 94--98
[]
 []


Overfull \hbox (39.96298pt too wide) in paragraph at lines 94--98
[]\OML/cmm/m/it/10 s[]otal \OT1/cmr/m/n/10 =
 []


Overfull \hbox (71.30301pt too wide) in paragraph at lines 94--98
\OMS/cmsy/m/n/10 ^^@\OT1/cmr/m/n/10 1\OML/cmm/m/it/10 best[]luster \OT1/cmr/m/n
/10 =
 []


Overfull \hbox (95.56032pt too wide) in paragraph at lines 94--98
\OML/cmm/m/it/10 lib:Cluster\OT1/cmr/m/n/10 (\OML/cmm/m/it/10 lib:Iris\OT1/cmr/
m/n/10 ())$ 
 []


! LaTeX Error: Missing \begin{document}.

See the LaTeX manual or LaTeX Companion for explanation.
Type  H <return>  for immediate help.
 ...                                              
                                                  
l.99             p
                  rint(str(k) + ":" + str(itrs))
You're in trouble here.  Try typing  <return>  to proceed.
If that doesn't work, type  X <return>  to quit.

Missing character: There is no p in font nullfont!
Missing character: There is no r in font nullfont!
Missing character: There is no i in font nullfont!
Missing character: There is no n in font nullfont!
Missing character: There is no t in font nullfont!
Missing character: There is no ( in font nullfont!
Missing character: There is no s in font nullfont!
Missing character: There is no t in font nullfont!
Missing character: There is no r in font nullfont!
Missing character: There is no ( in font nullfont!
Missing character: There is no k in font nullfont!
Missing character: There is no ) in font nullfont!
Missing character: There is no + in font nullfont!
Missing character: There is no " in font nullfont!
Missing character: There is no : in font nullfont!
Missing character: There is no " in font nullfont!
Missing character: There is no + in font nullfont!
Missing character: There is no s in font nullfont!
Missing character: There is no t in font nullfont!
Missing character: There is no r in font nullfont!
Missing character: There is no ( in font nullfont!
Missing character: There is no i in font nullfont!
Missing character: There is no t in font nullfont!
Missing character: There is no r in font nullfont!
Missing character: There is no s in font nullfont!
Missing character: There is no ) in font nullfont!
Missing character: There is no ) in font nullfont!
Missing character: There is no f in font nullfont!
Missing character: There is no o in font nullfont!
Missing character: There is no r in font nullfont!
Missing character: There is no i in font nullfont!
Missing character: There is no i in font nullfont!
Missing character: There is no n in font nullfont!
Missing character: There is no r in font nullfont!
Missing character: There is no a in font nullfont!
Missing character: There is no n in font nullfont!
Missing character: There is no g in font nullfont!
Missing character: There is no e in font nullfont!
Missing character: There is no ( in font nullfont!
Missing character: There is no 0 in font nullfont!
Missing character: There is no , in font nullfont!
Missing character: There is no 4 in font nullfont!
Missing character: There is no ) in font nullfont!
Missing character: There is no : in font nullfont!
Missing character: There is no s in font nullfont!
Missing character: There is no s in font nullfont!
! Missing $ inserted.
<inserted text> 
                $
l.101                 ss_
                         total, clusters = k_means(k, itr)
I've inserted a begin-math/end-math symbol since I think
you left one out. Proceed, with fingers crossed.

! Missing $ inserted.
<inserted text> 
                $
l.106 
      
I've inserted a begin-math/end-math symbol since I think
you left one out. Proceed, with fingers crossed.


Overfull \hbox (20.0pt too wide) in paragraph at lines 99--106
[]
 []


Overfull \hbox (71.11003pt too wide) in paragraph at lines 99--106
[]\OML/cmm/m/it/10 otal; clusters \OT1/cmr/m/n/10 =
 []


Overfull \hbox (141.77545pt too wide) in paragraph at lines 99--106
\OML/cmm/m/it/10 k[]eans\OT1/cmr/m/n/10 (\OML/cmm/m/it/10 k; itr\OT1/cmr/m/n/10
 )\OML/cmm/m/it/10 print\OT1/cmr/m/n/10 ("\OML/cmm/m/it/10 Iteration \OT1/cmr/m
/n/10 :
 []


Overfull \hbox (12.77782pt too wide) in paragraph at lines 99--106
\OT1/cmr/m/n/10 " +
 []


Overfull \hbox (32.08871pt too wide) in paragraph at lines 99--106
\OML/cmm/m/it/10 str\OT1/cmr/m/n/10 (\OML/cmm/m/it/10 i\OT1/cmr/m/n/10 ) +
 []


Overfull \hbox (23.33333pt too wide) in paragraph at lines 99--106
\OT1/cmr/m/n/10 "\OMS/cmsy/m/n/10 ^^@ \OML/cmm/m/it/10 >
 []


Overfull \hbox (12.77782pt too wide) in paragraph at lines 99--106
\OT1/cmr/m/n/10 " +
 []


Overfull \hbox (104.36888pt too wide) in paragraph at lines 99--106
\OML/cmm/m/it/10 str\OT1/cmr/m/n/10 (\OML/cmm/m/it/10 ss[]otal\OT1/cmr/m/n/10 )
)\OML/cmm/m/it/10 ifss[]otal <
 []


Overfull \hbox (121.27792pt too wide) in paragraph at lines 99--106
\OML/cmm/m/it/10 best[]s[]otalorbest[]s[]otal \OT1/cmr/m/n/10 ==
 []


Overfull \hbox (18.33331pt too wide) in paragraph at lines 99--106
\OMS/cmsy/m/n/10 ^^@\OT1/cmr/m/n/10 1 :
 []


Overfull \hbox (57.20952pt too wide) in paragraph at lines 99--106
\OML/cmm/m/it/10 best[]s[]otal \OT1/cmr/m/n/10 =
 []


Overfull \hbox (88.34584pt too wide) in paragraph at lines 99--106
\OML/cmm/m/it/10 ss[]otalbest[]luster \OT1/cmr/m/n/10 =
 []


Overfull \hbox (35.66446pt too wide) in paragraph at lines 99--106
\OML/cmm/m/it/10 clusters$ 
 []


! LaTeX Error: Missing \begin{document}.

See the LaTeX manual or LaTeX Companion for explanation.
Type  H <return>  for immediate help.
 ...                                              
                                                  
l.107             b
                   est_scores.append(best_ss_total)
You're in trouble here.  Try typing  <return>  to proceed.
If that doesn't work, type  X <return>  to quit.

Missing character: There is no b in font nullfont!
Missing character: There is no e in font nullfont!
Missing character: There is no s in font nullfont!
Missing character: There is no t in font nullfont!
! Missing $ inserted.
<inserted text> 
                $
l.107             best_
                       scores.append(best_ss_total)
I've inserted a begin-math/end-math symbol since I think
you left one out. Proceed, with fingers crossed.

! Missing $ inserted.
<inserted text> 
                $
l.110 
      
I've inserted a begin-math/end-math symbol since I think
you left one out. Proceed, with fingers crossed.


Overfull \hbox (375.72346pt too wide) in paragraph at lines 107--110
[]$[]\OML/cmm/m/it/10 cores:append\OT1/cmr/m/n/10 (\OML/cmm/m/it/10 best[]s[]ot
al\OT1/cmr/m/n/10 )\OML/cmm/m/it/10 best[]lusters:append\OT1/cmr/m/n/10 (\OML/c
mm/m/it/10 best[]luster\OT1/cmr/m/n/10 )\OML/cmm/m/it/10 labels:append\OT1/cmr/
m/n/10 (\OML/cmm/m/it/10 str\OT1/cmr/m/n/10 (\OML/cmm/m/it/10 k\OT1/cmr/m/n/10 
) +
 []


Overfull \hbox (12.77782pt too wide) in paragraph at lines 107--110
\OT1/cmr/m/n/10 " \OMS/cmsy/m/n/10 ^^@
 []


Overfull \hbox (12.77782pt too wide) in paragraph at lines 107--110
\OT1/cmr/m/n/10 " +
 []


Overfull \hbox (36.6003pt too wide) in paragraph at lines 107--110
\OML/cmm/m/it/10 str\OT1/cmr/m/n/10 (\OML/cmm/m/it/10 itr\OT1/cmr/m/n/10 ))$ 
 []


! LaTeX Error: Missing \begin{document}.

See the LaTeX manual or LaTeX Companion for explanation.
Type  H <return>  for immediate help.
 ...                                              
                                                  
l.111     g
           raph_a(best_scores, labels)
You're in trouble here.  Try typing  <return>  to proceed.
If that doesn't work, type  X <return>  to quit.

Missing character: There is no g in font nullfont!
Missing character: There is no r in font nullfont!
Missing character: There is no a in font nullfont!
Missing character: There is no p in font nullfont!
Missing character: There is no h in font nullfont!
! Missing $ inserted.
<inserted text> 
                $
l.111     graph_
                a(best_scores, labels)
I've inserted a begin-math/end-math symbol since I think
you left one out. Proceed, with fingers crossed.

! Missing $ inserted.
<inserted text> 
                $
l.112 
      
I've inserted a begin-math/end-math symbol since I think
you left one out. Proceed, with fingers crossed.


Overfull \hbox (107.1711pt too wide) in paragraph at lines 111--112
[]$[]\OT1/cmr/m/n/10 (\OML/cmm/m/it/10 best[]cores; labels\OT1/cmr/m/n/10 )$ 
 []


! LaTeX Error: Missing \begin{document}.

See the LaTeX manual or LaTeX Companion for explanation.
Type  H <return>  for immediate help.
 ...                                              
                                                  
l.113     r
           eturn best_clusters
You're in trouble here.  Try typing  <return>  to proceed.
If that doesn't work, type  X <return>  to quit.

Missing character: There is no r in font nullfont!
Missing character: There is no e in font nullfont!
Missing character: There is no t in font nullfont!
Missing character: There is no u in font nullfont!
Missing character: There is no r in font nullfont!
Missing character: There is no n in font nullfont!
Missing character: There is no b in font nullfont!
Missing character: There is no e in font nullfont!
Missing character: There is no s in font nullfont!
Missing character: There is no t in font nullfont!
! Missing $ inserted.
<inserted text> 
                $
l.113     return best_
                      clusters
I've inserted a begin-math/end-math symbol since I think
you left one out. Proceed, with fingers crossed.

! Missing $ inserted.
<inserted text> 
                $
l.114 
      
I've inserted a begin-math/end-math symbol since I think
you left one out. Proceed, with fingers crossed.


Overfull \hbox (20.0pt too wide) in paragraph at lines 113--114
[]
 []


Overfull \hbox (35.41064pt too wide) in paragraph at lines 113--114
[]\OML/cmm/m/it/10 lusters$ 
 []


! LaTeX Error: Missing \begin{document}.

See the LaTeX manual or LaTeX Companion for explanation.
Type  H <return>  for immediate help.
 ...                                              
                                                  
l.116 d
       ef graph_a(best_scores, labels):
You're in trouble here.  Try typing  <return>  to proceed.
If that doesn't work, type  X <return>  to quit.

Missing character: There is no d in font nullfont!
Missing character: There is no e in font nullfont!
Missing character: There is no f in font nullfont!
Missing character: There is no g in font nullfont!
Missing character: There is no r in font nullfont!
Missing character: There is no a in font nullfont!
Missing character: There is no p in font nullfont!
Missing character: There is no h in font nullfont!
! Missing $ inserted.
<inserted text> 
                $
l.116 def graph_
                a(best_scores, labels):
I've inserted a begin-math/end-math symbol since I think
you left one out. Proceed, with fingers crossed.

! Missing $ inserted.
<inserted text> 
                $
l.119 
      
I've inserted a begin-math/end-math symbol since I think
you left one out. Proceed, with fingers crossed.


Overfull \hbox (20.0pt too wide) in paragraph at lines 116--119
[]
 []


Overfull \hbox (100.14326pt too wide) in paragraph at lines 116--119
[]\OT1/cmr/m/n/10 (\OML/cmm/m/it/10 best[]cores; labels\OT1/cmr/m/n/10 ) :[]
 []


Overfull \hbox (121.02017pt too wide) in paragraph at lines 116--119
\OML/cmm/m/it/10 GraphsResultsfromPartA$ 
 []


! LaTeX Error: Missing \begin{document}.

See the LaTeX manual or LaTeX Companion for explanation.
Type  H <return>  for immediate help.
 ...                                              
                                                  
l.120     :
           param best_scores: best scores from each clustering combination
You're in trouble here.  Try typing  <return>  to proceed.
If that doesn't work, type  X <return>  to quit.

Missing character: There is no : in font nullfont!
Missing character: There is no p in font nullfont!
Missing character: There is no a in font nullfont!
Missing character: There is no r in font nullfont!
Missing character: There is no a in font nullfont!
Missing character: There is no m in font nullfont!
Missing character: There is no b in font nullfont!
Missing character: There is no e in font nullfont!
Missing character: There is no s in font nullfont!
Missing character: There is no t in font nullfont!
! Missing $ inserted.
<inserted text> 
                $
l.120     :param best_
                      scores: best scores from each clustering combination
I've inserted a begin-math/end-math symbol since I think
you left one out. Proceed, with fingers crossed.

! Missing $ inserted.
<inserted text> 
                $
l.129 
      
I've inserted a begin-math/end-math symbol since I think
you left one out. Proceed, with fingers crossed.


Overfull \hbox (20.0pt too wide) in paragraph at lines 120--129
[]
 []


Overfull \hbox (33.13774pt too wide) in paragraph at lines 120--129
[]\OML/cmm/m/it/10 cores \OT1/cmr/m/n/10 :
 []


Overfull \hbox (195.65642pt too wide) in paragraph at lines 120--129
\OML/cmm/m/it/10 bestscoresfromeachclusteringcombination \OT1/cmr/m/n/10 :
 []


Overfull \hbox (60.01048pt too wide) in paragraph at lines 120--129
\OML/cmm/m/it/10 paramlabels \OT1/cmr/m/n/10 :
 []


Overfull \hbox (195.43611pt too wide) in paragraph at lines 120--129
\OML/cmm/m/it/10 correspondinglabelspercombination[]y[]os \OT1/cmr/m/n/10 =
 []


Overfull \hbox (262.57602pt too wide) in paragraph at lines 120--129
\OML/cmm/m/it/10 np:arange\OT1/cmr/m/n/10 (\OML/cmm/m/it/10 len\OT1/cmr/m/n/10 
(\OML/cmm/m/it/10 labels\OT1/cmr/m/n/10 ))\OML/cmm/m/it/10 pyplot:barh\OT1/cmr/
m/n/10 (\OML/cmm/m/it/10 y[]os; best[]cores; align \OT1/cmr/m/n/10 =[]
 []


Overfull \hbox (70.39359pt too wide) in paragraph at lines 120--129
\OML/cmm/m/it/10 center[]; alpha \OT1/cmr/m/n/10 =
 []


Overfull \hbox (314.60841pt too wide) in paragraph at lines 120--129
\OT1/cmr/m/n/10 0\OML/cmm/m/it/10 :\OT1/cmr/m/n/10 5)\OML/cmm/m/it/10 pyplot:yt
icks\OT1/cmr/m/n/10 (\OML/cmm/m/it/10 y[]os; labels\OT1/cmr/m/n/10 )\OML/cmm/m/
it/10 pyplot:xlabel\OT1/cmr/m/n/10 ([]\OML/cmm/m/it/10 SS[]otal[]\OT1/cmr/m/n/1
0 )\OML/cmm/m/it/10 pyplot:ylabel\OT1/cmr/m/n/10 ([]\OML/cmm/m/it/10 K \OMS/cms
y/m/n/10 ^^@
 []


Overfull \hbox (173.82437pt too wide) in paragraph at lines 120--129
\OML/cmm/m/it/10 ClusteringIterations[]\OT1/cmr/m/n/10 )\OML/cmm/m/it/10 pyplot
:title\OT1/cmr/m/n/10 ([]\OML/cmm/m/it/10 K \OMS/cmsy/m/n/10 ^^@
 []


Overfull \hbox (112.53468pt too wide) in paragraph at lines 120--129
\OML/cmm/m/it/10 MeanClusteringScores[]\OT1/cmr/m/n/10 )$ 
 []


! LaTeX Error: Missing \begin{document}.

See the LaTeX manual or LaTeX Companion for explanation.
Type  H <return>  for immediate help.
 ...                                              
                                                  
l.130     p
           yplot.savefig('graph_a.png', bbox_inches='tight')
You're in trouble here.  Try typing  <return>  to proceed.
If that doesn't work, type  X <return>  to quit.

Missing character: There is no p in font nullfont!
Missing character: There is no y in font nullfont!
Missing character: There is no p in font nullfont!
Missing character: There is no l in font nullfont!
Missing character: There is no o in font nullfont!
Missing character: There is no t in font nullfont!
Missing character: There is no . in font nullfont!
Missing character: There is no s in font nullfont!
Missing character: There is no a in font nullfont!
Missing character: There is no v in font nullfont!
Missing character: There is no e in font nullfont!
Missing character: There is no f in font nullfont!
Missing character: There is no i in font nullfont!
Missing character: There is no g in font nullfont!
Missing character: There is no ( in font nullfont!
Missing character: There is no ' in font nullfont!
Missing character: There is no g in font nullfont!
Missing character: There is no r in font nullfont!
Missing character: There is no a in font nullfont!
Missing character: There is no p in font nullfont!
Missing character: There is no h in font nullfont!
! Missing $ inserted.
<inserted text> 
                $
l.130     pyplot.savefig('graph_
                                a.png', bbox_inches='tight')
I've inserted a begin-math/end-math symbol since I think
you left one out. Proceed, with fingers crossed.

! Missing $ inserted.
<inserted text> 
                $
l.131 
      
I've inserted a begin-math/end-math symbol since I think
you left one out. Proceed, with fingers crossed.


Overfull \hbox (112.29889pt too wide) in paragraph at lines 130--131
[]$[]\OML/cmm/m/it/10 :png[]; bbox[]nches \OT1/cmr/m/n/10 =[]
 []


Overfull \hbox (28.25186pt too wide) in paragraph at lines 130--131
\OML/cmm/m/it/10 tight[]\OT1/cmr/m/n/10 )$ 
 []


! LaTeX Error: Missing \begin{document}.

See the LaTeX manual or LaTeX Companion for explanation.
Type  H <return>  for immediate help.
 ...                                              
                                                  
l.133 d
       ef main():
You're in trouble here.  Try typing  <return>  to proceed.
If that doesn't work, type  X <return>  to quit.

Missing character: There is no d in font nullfont!
Missing character: There is no e in font nullfont!
Missing character: There is no f in font nullfont!
Missing character: There is no m in font nullfont!
Missing character: There is no a in font nullfont!
Missing character: There is no i in font nullfont!
Missing character: There is no n in font nullfont!
Missing character: There is no ( in font nullfont!
Missing character: There is no ) in font nullfont!
Missing character: There is no : in font nullfont!
Missing character: There is no ' in font nullfont!
Missing character: There is no ' in font nullfont!
Missing character: There is no ' in font nullfont!
Missing character: There is no M in font nullfont!
Missing character: There is no a in font nullfont!
Missing character: There is no i in font nullfont!
Missing character: There is no n in font nullfont!
Missing character: There is no ' in font nullfont!
Missing character: There is no ' in font nullfont!
Missing character: There is no ' in font nullfont!
Missing character: There is no p in font nullfont!
Missing character: There is no r in font nullfont!
Missing character: There is no i in font nullfont!
Missing character: There is no n in font nullfont!
Missing character: There is no t in font nullfont!
Missing character: There is no ( in font nullfont!
Missing character: There is no " in font nullfont!
Missing character: There is no H in font nullfont!
Missing character: There is no e in font nullfont!
Missing character: There is no l in font nullfont!
Missing character: There is no l in font nullfont!
Missing character: There is no o in font nullfont!
Missing character: There is no W in font nullfont!
Missing character: There is no o in font nullfont!
Missing character: There is no r in font nullfont!
Missing character: There is no l in font nullfont!
Missing character: There is no d in font nullfont!
Missing character: There is no " in font nullfont!
Missing character: There is no ) in font nullfont!

Overfull \hbox (20.0pt too wide) in paragraph at lines 133--136
[]
 []


! LaTeX Error: Missing \begin{document}.

See the LaTeX manual or LaTeX Companion for explanation.
Type  H <return>  for immediate help.
 ...                                              
                                                  
l.137     c
           lusters = part_a()
You're in trouble here.  Try typing  <return>  to proceed.
If that doesn't work, type  X <return>  to quit.

Missing character: There is no c in font nullfont!
Missing character: There is no l in font nullfont!
Missing character: There is no u in font nullfont!
Missing character: There is no s in font nullfont!
Missing character: There is no t in font nullfont!
Missing character: There is no e in font nullfont!
Missing character: There is no r in font nullfont!
Missing character: There is no s in font nullfont!
Missing character: There is no = in font nullfont!
Missing character: There is no p in font nullfont!
Missing character: There is no a in font nullfont!
Missing character: There is no r in font nullfont!
Missing character: There is no t in font nullfont!
! Missing $ inserted.
<inserted text> 
                $
l.137     clusters = part_
                          a()
I've inserted a begin-math/end-math symbol since I think
you left one out. Proceed, with fingers crossed.

! Missing $ inserted.
<inserted text> 
                $
l.138 
      
I've inserted a begin-math/end-math symbol since I think
you left one out. Proceed, with fingers crossed.


Overfull \hbox (20.0pt too wide) in paragraph at lines 137--138
[]
 []


Overfull \hbox (12.61545pt too wide) in paragraph at lines 137--138
[]\OT1/cmr/m/n/10 ()$ 
 []


! LaTeX Error: Missing \begin{document}.

See the LaTeX manual or LaTeX Companion for explanation.
Type  H <return>  for immediate help.
 ...                                              
                                                  
l.140 i
       f __name__ == "__main__":
You're in trouble here.  Try typing  <return>  to proceed.
If that doesn't work, type  X <return>  to quit.

Missing character: There is no i in font nullfont!
Missing character: There is no f in font nullfont!
! Missing $ inserted.
<inserted text> 
                $
l.140 if _
          _name__ == "__main__":
I've inserted a begin-math/end-math symbol since I think
you left one out. Proceed, with fingers crossed.

! Missing { inserted.
<to be read again> 
                   _
l.140 if __
           name__ == "__main__":
A left brace was mandatory here, so I've put one in.
You might want to delete and/or insert some corrections
so that I will find a matching right brace soon.
(If you're confused by all this, try typing `I}' now.)

! Missing { inserted.
<to be read again> 
                   _
l.140 if __name__
                  == "__main__":
A left brace was mandatory here, so I've put one in.
You might want to delete and/or insert some corrections
so that I will find a matching right brace soon.
(If you're confused by all this, try typing `I}' now.)

! Missing { inserted.
<to be read again> 
                   _
l.140 if __name__ == "__
                        main__":
A left brace was mandatory here, so I've put one in.
You might want to delete and/or insert some corrections
so that I will find a matching right brace soon.
(If you're confused by all this, try typing `I}' now.)

! Missing { inserted.
<to be read again> 
                   _
l.140 if __name__ == "__main__
                              ":
A left brace was mandatory here, so I've put one in.
You might want to delete and/or insert some corrections
so that I will find a matching right brace soon.
(If you're confused by all this, try typing `I}' now.)

)
! Emergency stop.
<*> /run/media/piko/Storage/CS/440/hw8/hw8.py
                                             
*** (job aborted, no legal \end found)

 
Here is how much of TeX's memory you used:
 10 strings out of 493013
 292 string characters out of 6139317
 59632 words of memory out of 5000000
 3651 multiletter control sequences out of 15000+600000
 3640 words of font info for 14 fonts, out of 8000000 for 9000
 1141 hyphenation exceptions out of 8191
 18i,5n,12p,114b,56s stack positions out of 5000i,500n,10000p,200000b,80000s
!  ==> Fatal error occurred, no output PDF file produced!
